This is XeTeX, Version 3.14159265-2.6-0.999992 (TeX Live 2020/W32TeX) (preloaded format=xelatex 2020.12.17)  17 DEC 2020 17:22
entering extended mode
 restricted \write18 enabled.
 %&-line parsing enabled.
**_main.tex
(./_main.tex
LaTeX2e <2020-10-01> patch level 2
L3 programming layer <2020-12-07> xparse <2020-03-03> (./krantz.cls
Document Class: krantz 2005/09/16 v1.4f Standard LaTeX document class

(c:/Users/MalteGrosser/AppData/Roaming/TinyTeX/texmf-dist/tex/latex/base/bk10.c
lo
File: bk10.clo 2020/04/10 v1.4m Standard LaTeX file (size option)
)
\trimheight=\dimen138
\trimwidth=\dimen139
\normaltextheight=\dimen140
\tempa=\dimen141
\tempdimen=\dimen142
\htrim=\dimen143
\vtrimtop=\dimen144
\vtrimbot=\dimen145
\ul@box=\box47
\ur@box=\box48
\ll@box=\box49
\lr@box=\box50
\@cipboxa=\box51
\@cipboxb=\box52
\@ciprulewidth=\dimen146
\c@part=\count173
\c@chapter=\count174
\c@section=\count175
\c@subsection=\count176
\c@subsubsection=\count177
\c@paragraph=\count178
\c@subparagraph=\count179
\secwd=\dimen147
\subsecwd=\dimen148
\subsubsecwd=\dimen149
\c@figure=\count180
\c@table=\count181
\abovecaptionskip=\skip47
\belowcaptionskip=\skip48
\c@numauthors=\count182
\section@toc@skip=\skip49
\SectionTOCWidth=\skip50
\subsection@toc@skip=\skip51
\SubSectionTOCWidth=\skip52
\subsubsection@toc@skip=\skip53
\SubSubSectionTOCWidth=\skip54
\paragraph@toc@skip=\skip55
\ParagraphTOCWidth=\skip56
\subparagraph@toc@skip=\skip57
\@AUonebox=\box53
\@AUtwobox=\box54
\@AUthreebox=\box55
\@AUfourbox=\box56
\@AUaffonebox=\box57
\@AUafftwobox=\box58
\@AUaffthreebox=\box59
\@AUafffourbox=\box60
\@finalAUboxfromone=\box61
\@finalAUboxfromtwo=\box62
\@finalAUboxfromthree=\box63
\@finalAUboxfromfour=\box64
\c@chaptocdepth=\count183
\bibindent=\dimen150
\tempbox=\box65
\nomenwidth=\dimen151
\@tablebox=\box66
\@tabletitlebox=\box67
\@tablewidth=\dimen152
\@tabletitlewidth=\dimen153
\max@tablewidth=\dimen154
\tempbox=\box68
\tempdimen=\dimen155
\tempbox=\box69
\notewidth=\dimen156
\wherebox=\box70
\wherewidth=\dimen157
\listtextleftmargin=\skip58
\listtextleftmarginii=\skip59
\listtextleftmarginiii=\skip60
\listtextrightmargin=\skip61
\listlabelleftskip=\skip62
\listlabelleftskipii=\skip63
\listlabelleftskipiii=\skip64
\abovelistskipi=\skip65
\belowlistskipi=\skip66
\abovelistskipii=\skip67
\belowlistskipii=\skip68
\abovelistskipiii=\skip69
\belowlistskipiii=\skip70
\labelsepi=\skip71
\labelsepii=\skip72
\labelsepiii=\skip73
\itemsepi=\skip74
\itemsepii=\skip75
\itemsepiii=\skip76
\enumdimwd=\dimen158
\enumdim=\dimen159
\concolwidth=\dimen160
\stempbox=\box71
)
(c:/Users/MalteGrosser/AppData/Roaming/TinyTeX/texmf-dist/tex/latex/lm/lmodern.
sty
Package: lmodern 2009/10/30 v1.6 Latin Modern Fonts
LaTeX Font Info:    Overwriting symbol font `operators' in version `normal'
(Font)                  OT1/cmr/m/n --> OT1/lmr/m/n on input line 22.
LaTeX Font Info:    Overwriting symbol font `letters' in version `normal'
(Font)                  OML/cmm/m/it --> OML/lmm/m/it on input line 23.
LaTeX Font Info:    Overwriting symbol font `symbols' in version `normal'
(Font)                  OMS/cmsy/m/n --> OMS/lmsy/m/n on input line 24.
LaTeX Font Info:    Overwriting symbol font `largesymbols' in version `normal'
(Font)                  OMX/cmex/m/n --> OMX/lmex/m/n on input line 25.
LaTeX Font Info:    Overwriting symbol font `operators' in version `bold'
(Font)                  OT1/cmr/bx/n --> OT1/lmr/bx/n on input line 26.
LaTeX Font Info:    Overwriting symbol font `letters' in version `bold'
(Font)                  OML/cmm/b/it --> OML/lmm/b/it on input line 27.
LaTeX Font Info:    Overwriting symbol font `symbols' in version `bold'
(Font)                  OMS/cmsy/b/n --> OMS/lmsy/b/n on input line 28.
LaTeX Font Info:    Overwriting symbol font `largesymbols' in version `bold'
(Font)                  OMX/cmex/m/n --> OMX/lmex/m/n on input line 29.
LaTeX Font Info:    Overwriting math alphabet `\mathbf' in version `normal'
(Font)                  OT1/cmr/bx/n --> OT1/lmr/bx/n on input line 31.
LaTeX Font Info:    Overwriting math alphabet `\mathsf' in version `normal'
(Font)                  OT1/cmss/m/n --> OT1/lmss/m/n on input line 32.
LaTeX Font Info:    Overwriting math alphabet `\mathit' in version `normal'
(Font)                  OT1/cmr/m/it --> OT1/lmr/m/it on input line 33.
LaTeX Font Info:    Overwriting math alphabet `\mathtt' in version `normal'
(Font)                  OT1/cmtt/m/n --> OT1/lmtt/m/n on input line 34.
LaTeX Font Info:    Overwriting math alphabet `\mathbf' in version `bold'
(Font)                  OT1/cmr/bx/n --> OT1/lmr/bx/n on input line 35.
LaTeX Font Info:    Overwriting math alphabet `\mathsf' in version `bold'
(Font)                  OT1/cmss/bx/n --> OT1/lmss/bx/n on input line 36.
LaTeX Font Info:    Overwriting math alphabet `\mathit' in version `bold'
(Font)                  OT1/cmr/bx/it --> OT1/lmr/bx/it on input line 37.
LaTeX Font Info:    Overwriting math alphabet `\mathtt' in version `bold'
(Font)                  OT1/cmtt/m/n --> OT1/lmtt/m/n on input line 38.
)
(c:/Users/MalteGrosser/AppData/Roaming/TinyTeX/texmf-dist/tex/latex/amsfonts/am
ssymb.sty
Package: amssymb 2013/01/14 v3.01 AMS font symbols

(c:/Users/MalteGrosser/AppData/Roaming/TinyTeX/texmf-dist/tex/latex/amsfonts/am
sfonts.sty
Package: amsfonts 2013/01/14 v3.01 Basic AMSFonts support
\@emptytoks=\toks15
\symAMSa=\mathgroup4
\symAMSb=\mathgroup5
LaTeX Font Info:    Redeclaring math symbol \hbar on input line 98.
LaTeX Font Info:    Overwriting math alphabet `\mathfrak' in version `bold'
(Font)                  U/euf/m/n --> U/euf/b/n on input line 106.
))
(c:/Users/MalteGrosser/AppData/Roaming/TinyTeX/texmf-dist/tex/latex/amsmath/ams
math.sty
Package: amsmath 2020/09/23 v2.17i AMS math features
\@mathmargin=\skip77
For additional information on amsmath, use the `?' option.

(c:/Users/MalteGrosser/AppData/Roaming/TinyTeX/texmf-dist/tex/latex/amsmath/ams
text.sty
Package: amstext 2000/06/29 v2.01 AMS text

(c:/Users/MalteGrosser/AppData/Roaming/TinyTeX/texmf-dist/tex/latex/amsmath/ams
gen.sty
File: amsgen.sty 1999/11/30 v2.0 generic functions
\@emptytoks=\toks16
\ex@=\dimen161
))
(c:/Users/MalteGrosser/AppData/Roaming/TinyTeX/texmf-dist/tex/latex/amsmath/ams
bsy.sty
Package: amsbsy 1999/11/29 v1.2d Bold Symbols
\pmbraise@=\dimen162
)
(c:/Users/MalteGrosser/AppData/Roaming/TinyTeX/texmf-dist/tex/latex/amsmath/ams
opn.sty
Package: amsopn 2016/03/08 v2.02 operator names
)
\inf@bad=\count184
LaTeX Info: Redefining \frac on input line 234.
\uproot@=\count185
\leftroot@=\count186
LaTeX Info: Redefining \overline on input line 399.
\classnum@=\count187
\DOTSCASE@=\count188
LaTeX Info: Redefining \ldots on input line 496.
LaTeX Info: Redefining \dots on input line 499.
LaTeX Info: Redefining \cdots on input line 620.
\Mathstrutbox@=\box72
\strutbox@=\box73
\big@size=\dimen163
LaTeX Font Info:    Redeclaring font encoding OML on input line 743.
LaTeX Font Info:    Redeclaring font encoding OMS on input line 744.
\macc@depth=\count189
\c@MaxMatrixCols=\count190
\dotsspace@=\muskip16
\c@parentequation=\count191
\dspbrk@lvl=\count192
\tag@help=\toks17
\row@=\count193
\column@=\count194
\maxfields@=\count195
\andhelp@=\toks18
\eqnshift@=\dimen164
\alignsep@=\dimen165
\tagshift@=\dimen166
\tagwidth@=\dimen167
\totwidth@=\dimen168
\lineht@=\dimen169
\@envbody=\toks19
\multlinegap=\skip78
\multlinetaggap=\skip79
\mathdisplay@stack=\toks20
LaTeX Info: Redefining \[ on input line 2923.
LaTeX Info: Redefining \] on input line 2924.
)
(c:/Users/MalteGrosser/AppData/Roaming/TinyTeX/texmf-dist/tex/generic/iftex/ifx
etex.sty
Package: ifxetex 2019/10/25 v0.7 ifxetex legacy package. Use iftex instead.

(c:/Users/MalteGrosser/AppData/Roaming/TinyTeX/texmf-dist/tex/generic/iftex/ift
ex.sty
Package: iftex 2020/03/06 v1.0d TeX engine tests
))
(c:/Users/MalteGrosser/AppData/Roaming/TinyTeX/texmf-dist/tex/generic/iftex/ifl
uatex.sty
Package: ifluatex 2019/10/25 v1.5 ifluatex legacy package. Use iftex instead.
)
(c:/Users/MalteGrosser/AppData/Roaming/TinyTeX/texmf-dist/tex/latex/unicode-mat
h/unicode-math.sty
(c:/Users/MalteGrosser/AppData/Roaming/TinyTeX/texmf-dist/tex/latex/l3kernel/ex
pl3.sty
Package: expl3 2020-12-07 L3 programming layer (loader) 

(c:/Users/MalteGrosser/AppData/Roaming/TinyTeX/texmf-dist/tex/latex/l3backend/l
3backend-xetex.def
File: l3backend-xetex.def 2020-09-24 L3 backend support: XeTeX
\g__graphics_track_int=\count196
\l__pdf_internal_box=\box74
\g__pdf_backend_object_int=\count197
\g__pdf_backend_annotation_int=\count198
))
Package: unicode-math 2020/01/31 v0.8q Unicode maths in XeLaTeX and LuaLaTeX

(c:/Users/MalteGrosser/AppData/Roaming/TinyTeX/texmf-dist/tex/latex/unicode-mat
h/unicode-math-xetex.sty
Package: unicode-math-xetex 2020/01/31 v0.8q Unicode maths in XeLaTeX and LuaLa
TeX

(c:/Users/MalteGrosser/AppData/Roaming/TinyTeX/texmf-dist/tex/latex/l3packages/
xparse/xparse.sty
Package: xparse 2020-10-27 L3 Experimental document command parser

(c:/Users/MalteGrosser/AppData/Roaming/TinyTeX/texmf-dist/tex/latex/l3packages/
xparse/xparse-generic.tex))
(c:/Users/MalteGrosser/AppData/Roaming/TinyTeX/texmf-dist/tex/latex/l3packages/
l3keys2e/l3keys2e.sty
Package: l3keys2e 2020-10-27 LaTeX2e option processing using LaTeX3 keys
)
(c:/Users/MalteGrosser/AppData/Roaming/TinyTeX/texmf-dist/tex/latex/fontspec/fo
ntspec.sty
Package: fontspec 2020/02/21 v2.7i Font selection for XeLaTeX and LuaLaTeX

(c:/Users/MalteGrosser/AppData/Roaming/TinyTeX/texmf-dist/tex/latex/fontspec/fo
ntspec-xetex.sty
Package: fontspec-xetex 2020/02/21 v2.7i Font selection for XeLaTeX and LuaLaTe
X
\l__fontspec_script_int=\count199
\l__fontspec_language_int=\count266
\l__fontspec_strnum_int=\count267
\l__fontspec_tmp_int=\count268
\l__fontspec_tmpa_int=\count269
\l__fontspec_tmpb_int=\count270
\l__fontspec_tmpc_int=\count271
\l__fontspec_em_int=\count272
\l__fontspec_emdef_int=\count273
\l__fontspec_strong_int=\count274
\l__fontspec_strongdef_int=\count275
\l__fontspec_tmpa_dim=\dimen170
\l__fontspec_tmpb_dim=\dimen171
\l__fontspec_tmpc_dim=\dimen172

(c:/Users/MalteGrosser/AppData/Roaming/TinyTeX/texmf-dist/tex/latex/base/fonten
c.sty
Package: fontenc 2020/08/10 v2.0s Standard LaTeX package
)
(c:/Users/MalteGrosser/AppData/Roaming/TinyTeX/texmf-dist/tex/latex/fontspec/fo
ntspec.cfg)))
(c:/Users/MalteGrosser/AppData/Roaming/TinyTeX/texmf-dist/tex/latex/base/fix-cm
.sty
Package: fix-cm 2015/01/14 v1.1t fixes to LaTeX

(c:/Users/MalteGrosser/AppData/Roaming/TinyTeX/texmf-dist/tex/latex/base/ts1enc
.def
File: ts1enc.def 2001/06/05 v3.0e (jk/car/fm) Standard LaTeX file
LaTeX Font Info:    Redeclaring font encoding TS1 on input line 47.
))
\g__um_fam_int=\count276
\g__um_fonts_used_int=\count277
\l__um_primecount_int=\count278
\g__um_primekern_muskip=\muskip17

(c:/Users/MalteGrosser/AppData/Roaming/TinyTeX/texmf-dist/tex/latex/unicode-mat
h/unicode-math-table.tex)))
(c:/Users/MalteGrosser/AppData/Roaming/TinyTeX/texmf-dist/tex/latex/upquote/upq
uote.sty
Package: upquote 2012/04/19 v1.3 upright-quote and grave-accent glyphs in verba
tim

(c:/Users/MalteGrosser/AppData/Roaming/TinyTeX/texmf-dist/tex/latex/base/textco
mp.sty
Package: textcomp 2020/02/02 v2.0n Standard LaTeX package
))
(c:/Users/MalteGrosser/AppData/Roaming/TinyTeX/texmf-dist/tex/latex/xcolor/xcol
or.sty
Package: xcolor 2016/05/11 v2.12 LaTeX color extensions (UK)

(c:/Users/MalteGrosser/AppData/Roaming/TinyTeX/texmf-dist/tex/latex/graphics-cf
g/color.cfg
File: color.cfg 2016/01/02 v1.6 sample color configuration
)
Package xcolor Info: Driver file: xetex.def on input line 225.

(c:/Users/MalteGrosser/AppData/Roaming/TinyTeX/texmf-dist/tex/latex/graphics-de
f/xetex.def
File: xetex.def 2020/08/26 v5.0i Graphics/color driver for xetex
)
Package xcolor Info: Model `cmy' substituted by `cmy0' on input line 1348.
Package xcolor Info: Model `RGB' extended on input line 1364.
Package xcolor Info: Model `HTML' substituted by `rgb' on input line 1366.
Package xcolor Info: Model `Hsb' substituted by `hsb' on input line 1367.
Package xcolor Info: Model `tHsb' substituted by `hsb' on input line 1368.
Package xcolor Info: Model `HSB' substituted by `hsb' on input line 1369.
Package xcolor Info: Model `Gray' substituted by `gray' on input line 1370.
Package xcolor Info: Model `wave' substituted by `hsb' on input line 1371.
)
(c:/Users/MalteGrosser/AppData/Roaming/TinyTeX/texmf-dist/tex/latex/oberdiek/bo
okmark.sty
Package: bookmark 2019/06/04 v1.27 PDF bookmarks (HO)

(c:/Users/MalteGrosser/AppData/Roaming/TinyTeX/texmf-dist/tex/generic/oberdiek/
pdfescape.sty
Package: pdfescape 2016/05/16 v1.14 Implements pdfTeX's escape features (HO)

(c:/Users/MalteGrosser/AppData/Roaming/TinyTeX/texmf-dist/tex/generic/ltxcmds/l
txcmds.sty
Package: ltxcmds 2020-05-10 v1.25 LaTeX kernel commands for general use (HO)
)
(c:/Users/MalteGrosser/AppData/Roaming/TinyTeX/texmf-dist/tex/latex/pdftexcmds/
pdftexcmds.sty
Package: pdftexcmds 2019/11/24 v0.31 Utility functions of pdfTeX for LuaTeX (HO
)

(c:/Users/MalteGrosser/AppData/Roaming/TinyTeX/texmf-dist/tex/generic/infwarerr
/infwarerr.sty
Package: infwarerr 2019/12/03 v1.5 Providing info/warning/error messages (HO)
)
Package pdftexcmds Info: \pdf@primitive is available.
Package pdftexcmds Info: \pdf@ifprimitive is available.
Package pdftexcmds Info: \pdfdraftmode not found.
))
(c:/Users/MalteGrosser/AppData/Roaming/TinyTeX/texmf-dist/tex/generic/iftex/ifp
df.sty
Package: ifpdf 2019/10/25 v3.4 ifpdf legacy package. Use iftex instead.
)
(c:/Users/MalteGrosser/AppData/Roaming/TinyTeX/texmf-dist/tex/generic/iftex/ifv
tex.sty
Package: ifvtex 2019/10/25 v1.7 ifvtex legacy package. Use iftex instead.
)
(c:/Users/MalteGrosser/AppData/Roaming/TinyTeX/texmf-dist/tex/latex/hyperref/hy
perref.sty
Package: hyperref 2020-05-15 v7.00e Hypertext links for LaTeX

(c:/Users/MalteGrosser/AppData/Roaming/TinyTeX/texmf-dist/tex/latex/graphics/ke
yval.sty
Package: keyval 2014/10/28 v1.15 key=value parser (DPC)
\KV@toks@=\toks21
)
(c:/Users/MalteGrosser/AppData/Roaming/TinyTeX/texmf-dist/tex/generic/kvsetkeys
/kvsetkeys.sty
Package: kvsetkeys 2019/12/15 v1.18 Key value parser (HO)
)
(c:/Users/MalteGrosser/AppData/Roaming/TinyTeX/texmf-dist/tex/generic/kvdefinek
eys/kvdefinekeys.sty
Package: kvdefinekeys 2019-12-19 v1.6 Define keys (HO)
)
(c:/Users/MalteGrosser/AppData/Roaming/TinyTeX/texmf-dist/tex/latex/hycolor/hyc
olor.sty
Package: hycolor 2020-01-27 v1.10 Color options for hyperref/bookmark (HO)
)
(c:/Users/MalteGrosser/AppData/Roaming/TinyTeX/texmf-dist/tex/latex/letltxmacro
/letltxmacro.sty
Package: letltxmacro 2019/12/03 v1.6 Let assignment for LaTeX macros (HO)
)
(c:/Users/MalteGrosser/AppData/Roaming/TinyTeX/texmf-dist/tex/latex/auxhook/aux
hook.sty
Package: auxhook 2019-12-17 v1.6 Hooks for auxiliary files (HO)
)
(c:/Users/MalteGrosser/AppData/Roaming/TinyTeX/texmf-dist/tex/latex/kvoptions/k
voptions.sty
Package: kvoptions 2020-10-07 v3.14 Key value format for package options (HO)
)
\@linkdim=\dimen173
\Hy@linkcounter=\count279
\Hy@pagecounter=\count280

(c:/Users/MalteGrosser/AppData/Roaming/TinyTeX/texmf-dist/tex/latex/hyperref/pd
1enc.def
File: pd1enc.def 2020-05-15 v7.00e Hyperref: PDFDocEncoding definition (HO)
)
(c:/Users/MalteGrosser/AppData/Roaming/TinyTeX/texmf-dist/tex/generic/intcalc/i
ntcalc.sty
Package: intcalc 2019/12/15 v1.3 Expandable calculations with integers (HO)
)
(c:/Users/MalteGrosser/AppData/Roaming/TinyTeX/texmf-dist/tex/generic/etexcmds/
etexcmds.sty
Package: etexcmds 2019/12/15 v1.7 Avoid name clashes with e-TeX commands (HO)
)
\Hy@SavedSpaceFactor=\count281

(c:/Users/MalteGrosser/AppData/Roaming/TinyTeX/texmf-dist/tex/latex/latexconfig
/hyperref.cfg
File: hyperref.cfg 2002/06/06 v1.2 hyperref configuration of TeXLive
)
Package hyperref Info: Option `unicode' set `true' on input line 4338.

(c:/Users/MalteGrosser/AppData/Roaming/TinyTeX/texmf-dist/tex/latex/hyperref/pu
enc.def
File: puenc.def 2020-05-15 v7.00e Hyperref: PDF Unicode definition (HO)
)
Package hyperref Info: Hyper figures OFF on input line 4464.
Package hyperref Info: Link nesting OFF on input line 4469.
Package hyperref Info: Hyper index ON on input line 4472.
Package hyperref Info: Plain pages OFF on input line 4479.
Package hyperref Info: Backreferencing OFF on input line 4484.
Package hyperref Info: Implicit mode ON; LaTeX internals redefined.
Package hyperref Info: Bookmarks ON on input line 4717.
\c@Hy@tempcnt=\count282

(c:/Users/MalteGrosser/AppData/Roaming/TinyTeX/texmf-dist/tex/latex/url/url.sty
\Urlmuskip=\muskip18
Package: url 2013/09/16  ver 3.4  Verb mode for urls, etc.
)
LaTeX Info: Redefining \url on input line 5076.
\XeTeXLinkMargin=\dimen174

(c:/Users/MalteGrosser/AppData/Roaming/TinyTeX/texmf-dist/tex/generic/bitset/bi
tset.sty
Package: bitset 2019/12/09 v1.3 Handle bit-vector datatype (HO)

(c:/Users/MalteGrosser/AppData/Roaming/TinyTeX/texmf-dist/tex/generic/bigintcal
c/bigintcalc.sty
Package: bigintcalc 2019/12/15 v1.5 Expandable calculations on big integers (HO
)
))
\Fld@menulength=\count283
\Field@Width=\dimen175
\Fld@charsize=\dimen176
Package hyperref Info: Hyper figures OFF on input line 6347.
Package hyperref Info: Link nesting OFF on input line 6352.
Package hyperref Info: Hyper index ON on input line 6355.
Package hyperref Info: backreferencing OFF on input line 6362.
Package hyperref Info: Link coloring OFF on input line 6367.
Package hyperref Info: Link coloring with OCG OFF on input line 6372.
Package hyperref Info: PDF/A mode OFF on input line 6377.
LaTeX Info: Redefining \ref on input line 6417.
LaTeX Info: Redefining \pageref on input line 6421.

(c:/Users/MalteGrosser/AppData/Roaming/TinyTeX/texmf-dist/tex/latex/base/atbegs
hi-ltx.sty
Package: atbegshi-ltx 2020/08/17 v1.0a Emulation of the original atbegshi packa
ge
with kernel methods
)
\Hy@abspage=\count284
\c@Item=\count285
\c@Hfootnote=\count286
)
Package hyperref Info: Driver (autodetected): hxetex.

(c:/Users/MalteGrosser/AppData/Roaming/TinyTeX/texmf-dist/tex/latex/hyperref/hx
etex.def
File: hxetex.def 2020-05-15 v7.00e Hyperref driver for XeTeX

(c:/Users/MalteGrosser/AppData/Roaming/TinyTeX/texmf-dist/tex/generic/oberdiek/
stringenc.sty
Package: stringenc 2016/05/16 v1.11 Convert strings between diff. encodings (HO
)
)
\pdfm@box=\box75
\c@Hy@AnnotLevel=\count287
\HyField@AnnotCount=\count288
\Fld@listcount=\count289
\c@bookmark@seq@number=\count290

(c:/Users/MalteGrosser/AppData/Roaming/TinyTeX/texmf-dist/tex/latex/oberdiek/re
runfilecheck.sty
Package: rerunfilecheck 2016/05/16 v1.8 Rerun checks for auxiliary files (HO)

(c:/Users/MalteGrosser/AppData/Roaming/TinyTeX/texmf-dist/tex/latex/base/atvery
end-ltx.sty
Package: atveryend-ltx 2020/08/19 v1.0a Emulation of the original atvery packag
e
with kernel methods
)
(c:/Users/MalteGrosser/AppData/Roaming/TinyTeX/texmf-dist/tex/generic/oberdiek/
uniquecounter.sty
Package: uniquecounter 2016/05/16 v1.3 Provide unlimited unique counter (HO)
)
Package uniquecounter Info: New unique counter `rerunfilecheck' on input line 2
85.
)
\Hy@SectionHShift=\skip80
)
(c:/Users/MalteGrosser/AppData/Roaming/TinyTeX/texmf-dist/tex/latex/oberdiek/bk
m-dvipdfm.def
File: bkm-dvipdfm.def 2019/06/04 v1.27 bookmark driver for dvipdfm (HO)
\BKM@id=\count291
))
(c:/Users/MalteGrosser/AppData/Roaming/TinyTeX/texmf-dist/tex/latex/fancyvrb/fa
ncyvrb.sty
Package: fancyvrb 2020/05/03 v3.6 verbatim text (tvz,hv)
\FV@CodeLineNo=\count292
\FV@InFile=\read2
\FV@TabBox=\box76
\c@FancyVerbLine=\count293
\FV@StepNumber=\count294
\FV@OutFile=\write3
)
(c:/Users/MalteGrosser/AppData/Roaming/TinyTeX/texmf-dist/tex/latex/framed/fram
ed.sty
Package: framed 2011/10/22 v 0.96: framed or shaded text with page breaks
\OuterFrameSep=\skip81
\fb@frw=\dimen177
\fb@frh=\dimen178
\FrameRule=\dimen179
\FrameSep=\dimen180
)
(c:/Users/MalteGrosser/AppData/Roaming/TinyTeX/texmf-dist/tex/latex/tools/longt
able.sty
Package: longtable 2020/01/07 v4.13 Multi-page Table package (DPC)
\LTleft=\skip82
\LTright=\skip83
\LTpre=\skip84
\LTpost=\skip85
\LTchunksize=\count295
\LTcapwidth=\dimen181
\LT@head=\box77
\LT@firsthead=\box78
\LT@foot=\box79
\LT@lastfoot=\box80
\LT@cols=\count296
\LT@rows=\count297
\c@LT@tables=\count298
\c@LT@chunks=\count299
\LT@p@ftn=\toks22
)
(c:/Users/MalteGrosser/AppData/Roaming/TinyTeX/texmf-dist/tex/latex/booktabs/bo
oktabs.sty
Package: booktabs 2020/01/12 v1.61803398 Publication quality tables
\heavyrulewidth=\dimen182
\lightrulewidth=\dimen183
\cmidrulewidth=\dimen184
\belowrulesep=\dimen185
\belowbottomsep=\dimen186
\aboverulesep=\dimen187
\abovetopsep=\dimen188
\cmidrulesep=\dimen189
\cmidrulekern=\dimen190
\defaultaddspace=\dimen191
\@cmidla=\count300
\@cmidlb=\count301
\@aboverulesep=\dimen192
\@belowrulesep=\dimen193
\@thisruleclass=\count302
\@lastruleclass=\count303
\@thisrulewidth=\dimen194
)
(c:/Users/MalteGrosser/AppData/Roaming/TinyTeX/texmf-dist/tex/latex/etoolbox/et
oolbox.sty
Package: etoolbox 2020/10/05 v2.5k e-TeX tools for LaTeX (JAW)
\etb@tempcnta=\count304
)
(c:/Users/MalteGrosser/AppData/Roaming/TinyTeX/texmf-dist/tex/latex/mdwtools/fo
otnote.sty
Package: footnote 1997/01/28 1.13 Save footnotes around boxes
\fn@notes=\box81
\fn@width=\dimen195
)
(c:/Users/MalteGrosser/AppData/Roaming/TinyTeX/texmf-dist/tex/xelatex/xltxtra/x
ltxtra.sty
Package: xltxtra 2018/12/31 v0.7 Improvements for the "XeLaTeX" format

(c:/Users/MalteGrosser/AppData/Roaming/TinyTeX/texmf-dist/tex/latex/realscripts
/realscripts.sty
Package: realscripts 2016/02/13 v0.3d Access OpenType subscripts and superscrip
ts
\subsupersep=\dimen196
)
(c:/Users/MalteGrosser/AppData/Roaming/TinyTeX/texmf-dist/tex/latex/metalogo/me
talogo.sty
Package: metalogo 2010/05/29 v0.12 Extended TeX logo macros

(c:/Users/MalteGrosser/AppData/Roaming/TinyTeX/texmf-dist/tex/latex/graphics/gr
aphicx.sty
Package: graphicx 2020/09/09 v1.2b Enhanced LaTeX Graphics (DPC,SPQR)

(c:/Users/MalteGrosser/AppData/Roaming/TinyTeX/texmf-dist/tex/latex/graphics/gr
aphics.sty
Package: graphics 2020/08/30 v1.4c Standard LaTeX Graphics (DPC,SPQR)

(c:/Users/MalteGrosser/AppData/Roaming/TinyTeX/texmf-dist/tex/latex/graphics/tr
ig.sty
Package: trig 2016/01/03 v1.10 sin cos tan (DPC)
)
(c:/Users/MalteGrosser/AppData/Roaming/TinyTeX/texmf-dist/tex/latex/graphics-cf
g/graphics.cfg
File: graphics.cfg 2016/06/04 v1.11 sample graphics configuration
)
Package graphics Info: Driver file: xetex.def on input line 105.
)
\Gin@req@height=\dimen197
\Gin@req@width=\dimen198
)
\xl@everylogo=\toks23
\xl@@everylogo=\toks24
LaTeX Info: Redefining \TeX on input line 193.
LaTeX Info: Redefining \LaTeX on input line 202.
LaTeX Info: Redefining \LaTeXe on input line 219.
)
\l__xetex_show_hyphens_wrapping_box=\box82
\l__xetex_show_hyphens_temp_box=\box83
\l__xetex_show_hyphens_final_box=\box84
\g__xetex_show_hyphens_word_box=\box85
)
(c:/Users/MalteGrosser/AppData/Roaming/TinyTeX/texmf-dist/tex/xelatex/xunicode/
xunicode.sty
File: xunicode.sty 2011/09/09 v0.981 provides access to latin accents and many 
other characters in Unicode lower plane

(c:/Users/MalteGrosser/AppData/Roaming/TinyTeX/texmf-dist/tex/latex/tipa/t3enc.
def
File: t3enc.def 2001/12/31 T3 encoding
)
\tipaTiiicode=\count305
\tipasavetokens=\toks25
\tipachecktokens=\toks26
)
(c:/Users/MalteGrosser/AppData/Roaming/TinyTeX/texmf-dist/tex/latex/inconsolata
/inconsolata.fontspec)

Package fontspec Info: Inconsolatazi4-Regular scale = 0.9431051752921536.


Package fontspec Info: Inconsolatazi4-Regular scale = 0.9431051752921536.


Package fontspec Info: Inconsolatazi4-Bold scale = 0.9229090291255791.


Package fontspec Info: Font family 'inconsolata(0)' created for font
(fontspec)             'inconsolata' with options
(fontspec)             [Mapping=tex-text,Scale=MatchLowercase,WordSpace={1,0,0}
,HyphenChar=None,PunctuationSpace=WordSpace,Extension
(fontspec)             = .otf,UprightFont = Inconsolatazi4-Regular,BoldFont =
(fontspec)             Inconsolatazi4-Bold,Mapping=tex-ansi].
(fontspec)              
(fontspec)              This font family consists of the following NFSS
(fontspec)             series/shapes:
(fontspec)              
(fontspec)             - 'normal' (m/n) with NFSS spec.:
(fontspec)             <->s*[0.9431051752921536]"[Inconsolatazi4-Regular.otf]/O
T:script=latn;language=dflt;mapping=tex-ansi;"
(fontspec)             - 'small caps'  (m/sc) with NFSS spec.: 
(fontspec)             and font adjustment code:
(fontspec)             \fontdimen 2\font =1\fontdimen 2\font \fontdimen 3\font
(fontspec)             =0\fontdimen 3\font \fontdimen 4\font =0\fontdimen
(fontspec)             4\font \fontdimen 7\font =0\fontdimen 2\font
(fontspec)             \tex_hyphenchar:D \font =-1\scan_stop: 
(fontspec)             - 'bold' (b/n) with NFSS spec.:
(fontspec)             <->s*[0.9229090291255791]"[Inconsolatazi4-Bold.otf]/OT:s
cript=latn;language=dflt;mapping=tex-ansi;"
(fontspec)             - 'bold small caps'  (b/sc) with NFSS spec.: 
(fontspec)             and font adjustment code:
(fontspec)             \fontdimen 2\font =1\fontdimen 2\font \fontdimen 3\font
(fontspec)             =0\fontdimen 3\font \fontdimen 4\font =0\fontdimen
(fontspec)             4\font \fontdimen 7\font =0\fontdimen 2\font
(fontspec)             \tex_hyphenchar:D \font =-1\scan_stop: 


Package fontspec Info: Inconsolatazi4-Regular scale = 0.9431051752921536.


Package fontspec Info: Inconsolatazi4-Regular scale = 0.9431051752921536.


Package fontspec Info: Inconsolatazi4-Bold scale = 0.9229090291255791.


Package fontspec Info: Font family 'inconsolata(1)' created for font
(fontspec)             'inconsolata' with options
(fontspec)             [Mapping=tex-text,Scale=MatchLowercase,Extension =
(fontspec)             .otf,UprightFont = Inconsolatazi4-Regular,BoldFont =
(fontspec)             Inconsolatazi4-Bold,Mapping=tex-ansi].
(fontspec)              
(fontspec)              This font family consists of the following NFSS
(fontspec)             series/shapes:
(fontspec)              
(fontspec)             - 'normal' (m/n) with NFSS spec.:
(fontspec)             <->s*[0.9431051752921536]"[Inconsolatazi4-Regular.otf]/O
T:script=latn;language=dflt;mapping=tex-ansi;"
(fontspec)             - 'small caps'  (m/sc) with NFSS spec.: 
(fontspec)             - 'bold' (b/n) with NFSS spec.:
(fontspec)             <->s*[0.9229090291255791]"[Inconsolatazi4-Bold.otf]/OT:s
cript=latn;language=dflt;mapping=tex-ansi;"
(fontspec)             - 'bold small caps'  (b/sc) with NFSS spec.: 

LaTeX Font Info:    Overwriting math alphabet `\mathtt' in version `normal'
(Font)                  OT1/lmtt/m/n --> TU/inconsolata(1)/m/n on input line 12
0.
LaTeX Font Info:    Overwriting math alphabet `\mathtt' in version `bold'
(Font)                  OT1/lmtt/m/n --> TU/inconsolata(1)/bx/n on input line 1
20.

(c:/Users/MalteGrosser/AppData/Roaming/TinyTeX/texmf-dist/tex/xelatex/xecjk/xeC
JK.sty
Package: xeCJK 2020/10/19 v3.8.6 Typesetting CJK scripts with XeLaTeX

(c:/Users/MalteGrosser/AppData/Roaming/TinyTeX/texmf-dist/tex/latex/l3packages/
xtemplate/xtemplate.sty
Package: xtemplate 2020-10-27 L3 Experimental prototype document functions
\l__xtemplate_tmp_dim=\dimen199
\l__xtemplate_tmp_int=\count306
\l__xtemplate_tmp_muskip=\muskip19
\l__xtemplate_tmp_skip=\skip86
)
\l__xeCJK_tmp_int=\count307
\l__xeCJK_tmp_box=\box86
\l__xeCJK_tmp_dim=\dimen256
\l__xeCJK_tmp_skip=\skip87

(c:/Users/MalteGrosser/AppData/Roaming/TinyTeX/texmf-dist/tex/latex/ctex/ctexho
ok.sty
Package: ctexhook 2020/10/19 v2.5.5 Document and package hooks (CTEX)
)
\g__xeCJK_space_factor_int=\count308
\l__xeCJK_begin_int=\count309
\l__xeCJK_end_int=\count310
\c__xeCJK_CJK_class_int=\XeTeXcharclass1
\c__xeCJK_FullLeft_class_int=\XeTeXcharclass2
\c__xeCJK_FullRight_class_int=\XeTeXcharclass3
\c__xeCJK_HalfLeft_class_int=\XeTeXcharclass4
\c__xeCJK_HalfRight_class_int=\XeTeXcharclass5
\c__xeCJK_NormalSpace_class_int=\XeTeXcharclass6
\c__xeCJK_CM_class_int=\XeTeXcharclass7
\c__xeCJK_HangulJamo_class_int=\XeTeXcharclass8
\l__xeCJK_last_skip=\skip88
\g__xeCJK_node_int=\count311
\c__xeCJK_CJK_node_dim=\dimen257
\c__xeCJK_CJK-space_node_dim=\dimen258
\c__xeCJK_default_node_dim=\dimen259
\c__xeCJK_default-space_node_dim=\dimen260
\c__xeCJK_CJK-widow_node_dim=\dimen261
\c__xeCJK_normalspace_node_dim=\dimen262
\l__xeCJK_ccglue_skip=\skip89
\l__xeCJK_ecglue_skip=\skip90
\l__xeCJK_punct_kern_skip=\skip91
\l__xeCJK_last_penalty_int=\count312
\l__xeCJK_last_bound_dim=\dimen263
\l__xeCJK_last_kern_dim=\dimen264
\l__xeCJK_widow_penalty_int=\count313

Package xtemplate Info: Declaring object type 'xeCJK/punctuation' taking 0
(xtemplate)             argument(s) on line 2341.

\l__xeCJK_fixed_punct_width_dim=\dimen265
\l__xeCJK_mixed_punct_width_dim=\dimen266
\l__xeCJK_middle_punct_width_dim=\dimen267
\l__xeCJK_fixed_margin_width_dim=\dimen268
\l__xeCJK_mixed_margin_width_dim=\dimen269
\l__xeCJK_middle_margin_width_dim=\dimen270
\l__xeCJK_bound_punct_width_dim=\dimen271
\l__xeCJK_bound_margin_width_dim=\dimen272
\l__xeCJK_margin_minimum_dim=\dimen273
\l__xeCJK_kerning_total_width_dim=\dimen274
\l__xeCJK_same_align_margin_dim=\dimen275
\l__xeCJK_different_align_margin_dim=\dimen276
\l__xeCJK_kerning_margin_width_dim=\dimen277
\l__xeCJK_kerning_margin_minimum_dim=\dimen278
\l__xeCJK_bound_dim=\dimen279
\l__xeCJK_reverse_bound_dim=\dimen280
\l__xeCJK_margin_dim=\dimen281
\l__xeCJK_minimum_bound_dim=\dimen282
\l__xeCJK_kerning_margin_dim=\dimen283
\g__xeCJK_family_int=\count314
\l__xeCJK_fam_int=\count315
\g__xeCJK_fam_allocation_int=\count316
\l__xeCJK_verb_case_int=\count317
\l__xeCJK_verb_exspace_skip=\skip92

(c:/Users/MalteGrosser/AppData/Roaming/TinyTeX/texmf-dist/tex/xelatex/xecjk/xeC
JK.cfg
File: xeCJK.cfg 2020/10/19 v3.8.6 Configuration file for xeCJK package
))
(c:/Users/MalteGrosser/AppData/Roaming/TinyTeX/texmf-dist/tex/latex/newunicodec
har/newunicodechar.sty
Package: newunicodechar 2018/04/08 v1.2 Defining Unicode characters
)

! Package fontspec Error: The font "Andale Mono" cannot be found.

For immediate help type H <return>.
 ...                                              
                                                  
l.128 \DeclareTextFontCommand
                             {\textfallback}{\fallbackfont} 
Here is how much of TeX's memory you used:
 21126 strings out of 479265
 378622 string characters out of 5873514
 732437 words of memory out of 5000000
 40431 multiletter control sequences out of 15000+600000
 403862 words of font info for 37 fonts, out of 8000000 for 9000
 14 hyphenation exceptions out of 8191
 94i,0n,121p,324b,316s stack positions out of 5000i,500n,10000p,200000b,80000s

No pages of output.

! kpathsea:make_tex: Invalid filename `Andale Mono', contains ' '
